<?xml version="1.0" encoding="UTF-8"?>
<!-- Generated by org.testng.reporters.JUnitXMLReporter -->
<testsuite ignored="0" hostname="LAPTOP-4VH20URH" failures="0" tests="6" name="Regression" time="41.943" errors="0" timestamp="2022-09-28T09:35:54 EDT">
  <testcase classname="Com.Salesforce.test.tests.AutomationScripts" name="logoutFromSalesForce09" time="6.681"/>
  <testcase classname="Com.Salesforce.test.tests.AutomationScripts" name="loginwithvalidCredentials02" time="8.623"/>
  <testcase classname="Com.Salesforce.test.tests.AutomationScripts" name="loginErrorMessage01" time="1.793"/>
  <testcase classname="Com.Salesforce.test.tests.AutomationScripts" name="checkRememberMe03" time="6.601"/>
  <testcase classname="Com.Salesforce.test.tests.AutomationScripts" name="forgotPassword4A" time="1.775"/>
  <testcase classname="Com.Salesforce.test.tests.AutomationScripts" name="wrongCredential4B" time="2.134"/>
</testsuite> <!-- Regression -->
