<?xml version="1.0" encoding="UTF-8"?>
<!-- Generated by org.testng.reporters.JUnitXMLReporter -->
<testsuite ignored="0" hostname="LAPTOP-4VH20URH" failures="0" tests="6" name="Regression" time="51.336" errors="0" timestamp="2022-10-04T08:28:06 EDT">
  <testcase classname="Com.Salesforce.test.tests.AutomationScripts" name="logoutFromSalesForce09" time="8.639"/>
  <testcase classname="Com.Salesforce.test.tests.AutomationScripts" name="loginwithvalidCredentials02" time="6.241"/>
  <testcase classname="Com.Salesforce.test.tests.AutomationScripts" name="loginErrorMessage01" time="1.886"/>
  <testcase classname="Com.Salesforce.test.tests.AutomationScripts" name="checkRememberMe03" time="8.231"/>
  <testcase classname="Com.Salesforce.test.tests.AutomationScripts" name="forgotPassword4A" time="1.349"/>
  <testcase classname="Com.Salesforce.test.tests.AutomationScripts" name="wrongCredential4B" time="2.284"/>
</testsuite> <!-- Regression -->
