<?xml version="1.0" encoding="UTF-8"?>
<!-- Generated by org.testng.reporters.JUnitXMLReporter -->
<testsuite ignored="0" hostname="LAPTOP-4VH20URH" failures="0" tests="6" name="Regression1" time="45.268" errors="0" timestamp="2022-09-28T09:36:39 EDT">
  <testcase classname="Com.Salesforce.test.tests.AutomationScripts" name="logoutFromSalesForce09" time="3.394"/>
  <testcase classname="Com.Salesforce.test.tests.AutomationScripts" name="loginwithvalidCredentials02" time="2.801"/>
  <testcase classname="Com.Salesforce.test.tests.AutomationScripts" name="loginErrorMessage01" time="0.96"/>
  <testcase classname="Com.Salesforce.test.tests.AutomationScripts" name="checkRememberMe03" time="4.919"/>
  <testcase classname="Com.Salesforce.test.tests.AutomationScripts" name="forgotPassword4A" time="1.065"/>
  <testcase classname="Com.Salesforce.test.tests.AutomationScripts" name="wrongCredential4B" time="0.679"/>
</testsuite> <!-- Regression1 -->
