<?xml version="1.0" encoding="UTF-8"?>
<testng-results ignored="0" total="5" passed="5" failed="0" skipped="0">
  <reporter-output>
  </reporter-output>
  <suite started-at="2022-10-06T12:20:05 EDT" name="Default suite" finished-at="2022-10-06T12:20:31 EDT" duration-ms="25884">
    <groups>
      <group name="cucumber">
        <method signature="AbstractTestNGCucumberTests.runScenario(io.cucumber.testng.PickleWrapper,io.cucumber.testng.FeatureWrapper)[pri:0, instance:loginRunner.LoginRunner@cecf639]" name="runScenario" class="io.cucumber.testng.AbstractTestNGCucumberTests"/>
      </group> <!-- cucumber -->
    </groups>
    <test started-at="2022-10-06T12:20:05 EDT" name="Default test" finished-at="2022-10-06T12:20:31 EDT" duration-ms="25884">
      <class name="loginRunner.LoginRunner">
        <test-method is-config="true" signature="setUpClass()[pri:0, instance:loginRunner.LoginRunner@cecf639]" started-at="2022-10-06T12:20:05 EDT" name="setUpClass" finished-at="2022-10-06T12:20:05 EDT" duration-ms="437" status="PASS">
          <reporter-output>
          </reporter-output>
        </test-method> <!-- setUpClass -->
        <test-method signature="runScenario(io.cucumber.testng.PickleWrapper,io.cucumber.testng.FeatureWrapper)[pri:0, instance:loginRunner.LoginRunner@cecf639]" started-at="2022-10-06T12:20:05 EDT" name="runScenario" description="Runs Cucumber Scenarios" data-provider="scenarios" finished-at="2022-10-06T12:20:09 EDT" duration-ms="3822" status="PASS">
          <params>
            <param index="0">
              <value>
                <![CDATA["Login error message to salesforce"]]>
              </value>
            </param>
            <param index="1">
              <value>
                <![CDATA["Optional[Login]"]]>
              </value>
            </param>
          </params>
          <reporter-output>
          </reporter-output>
        </test-method> <!-- runScenario -->
        <test-method signature="runScenario(io.cucumber.testng.PickleWrapper,io.cucumber.testng.FeatureWrapper)[pri:0, instance:loginRunner.LoginRunner@cecf639]" started-at="2022-10-06T12:20:09 EDT" name="runScenario" description="Runs Cucumber Scenarios" data-provider="scenarios" finished-at="2022-10-06T12:20:14 EDT" duration-ms="4547" status="PASS">
          <params>
            <param index="0">
              <value>
                <![CDATA["Login to salesforce"]]>
              </value>
            </param>
            <param index="1">
              <value>
                <![CDATA["Optional[Login]"]]>
              </value>
            </param>
          </params>
          <reporter-output>
          </reporter-output>
        </test-method> <!-- runScenario -->
        <test-method signature="runScenario(io.cucumber.testng.PickleWrapper,io.cucumber.testng.FeatureWrapper)[pri:0, instance:loginRunner.LoginRunner@cecf639]" started-at="2022-10-06T12:20:14 EDT" name="runScenario" description="Runs Cucumber Scenarios" data-provider="scenarios" finished-at="2022-10-06T12:20:24 EDT" duration-ms="10434" status="PASS">
          <params>
            <param index="0">
              <value>
                <![CDATA["Check Remember Me"]]>
              </value>
            </param>
            <param index="1">
              <value>
                <![CDATA["Optional[Login]"]]>
              </value>
            </param>
          </params>
          <reporter-output>
          </reporter-output>
        </test-method> <!-- runScenario -->
        <test-method signature="runScenario(io.cucumber.testng.PickleWrapper,io.cucumber.testng.FeatureWrapper)[pri:0, instance:loginRunner.LoginRunner@cecf639]" started-at="2022-10-06T12:20:24 EDT" name="runScenario" description="Runs Cucumber Scenarios" data-provider="scenarios" finished-at="2022-10-06T12:20:28 EDT" duration-ms="4179" status="PASS">
          <params>
            <param index="0">
              <value>
                <![CDATA["Login wrong credentials"]]>
              </value>
            </param>
            <param index="1">
              <value>
                <![CDATA["Optional[Login]"]]>
              </value>
            </param>
          </params>
          <reporter-output>
          </reporter-output>
        </test-method> <!-- runScenario -->
        <test-method signature="runScenario(io.cucumber.testng.PickleWrapper,io.cucumber.testng.FeatureWrapper)[pri:0, instance:loginRunner.LoginRunner@cecf639]" started-at="2022-10-06T12:20:28 EDT" name="runScenario" description="Runs Cucumber Scenarios" data-provider="scenarios" finished-at="2022-10-06T12:20:31 EDT" duration-ms="2320" status="PASS">
          <params>
            <param index="0">
              <value>
                <![CDATA["Forgot password"]]>
              </value>
            </param>
            <param index="1">
              <value>
                <![CDATA["Optional[Login]"]]>
              </value>
            </param>
          </params>
          <reporter-output>
          </reporter-output>
        </test-method> <!-- runScenario -->
        <test-method is-config="true" signature="tearDownClass()[pri:0, instance:loginRunner.LoginRunner@cecf639]" started-at="2022-10-06T12:20:31 EDT" name="tearDownClass" finished-at="2022-10-06T12:20:31 EDT" duration-ms="102" status="PASS">
          <reporter-output>
          </reporter-output>
        </test-method> <!-- tearDownClass -->
      </class> <!-- loginRunner.LoginRunner -->
    </test> <!-- Default test -->
  </suite> <!-- Default suite -->
</testng-results>
